# JRE version: OpenJDK Runtime Environment Temurin-21.0.5+11 (21.0.5+11) (build 21.0.5+11-LTS)
# Java VM: OpenJDK 64-Bit Server VM Temurin-21.0.5+11 (21.0.5+11-LTS, mixed mode, emulated-client, sharing, tiered, compressed oops, compressed class ptrs, g1 gc, windows-amd64)
GC Precious Log:
 CardTable entry size: 512
 Card Set container configuration: InlinePtr #cards 4 size 8 Array Of Cards #cards 16 size 48 Howl #buckets 8 coarsen threshold 3686 Howl Bitmap #cards 512 size 80 coarsen threshold 460 Card regions per heap region 1 cards per card region 4096
 CPUs: 14 total, 14 available
 Memory: 15828M
 Large Page Support: Disabled
 NUMA Support: Disabled
 Compressed Oops: Enabled (Zero based)
 Heap Region Size: 2M
 Heap Min Capacity: 8M
 Heap Initial Capacity: 248M
 Heap Max Capacity: 3958M
 Pre-touch: Disabled
 Parallel Workers: 11
 Concurrent Workers: 3
 Concurrent Refinement Workers: 11
 Periodic GC: Disabled
Heap:
 garbage-first heap   total 61440K, used 48234K [0x0000000708a00000, 0x0000000800000000)
  region size 2048K, 13 young (26624K), 1 survivors (2048K)
 Metaspace       used 47319K, committed 48000K, reserved 1114112K
  class space    used 6165K, committed 6464K, reserved 1048576K
GC Heap History (20 events):
Event: 12228.142 GC heap after
{Heap after GC invocations=58 (full 16):
 garbage-first heap   total 61440K, used 21623K [0x0000000708a00000, 0x0000000800000000)
  region size 2048K, 2 young (4096K), 2 survivors (4096K)
 Metaspace       used 46833K, committed 47552K, reserved 1114112K
  class space    used 6070K, committed 6400K, reserved 1048576K
}
Event: 12270.271 GC heap before
{Heap before GC invocations=58 (full 16):
 garbage-first heap   total 61440K, used 48247K [0x0000000708a00000, 0x0000000800000000)
  region size 2048K, 15 young (30720K), 2 survivors (4096K)
 Metaspace       used 46883K, committed 47616K, reserved 1114112K
  class space    used 6078K, committed 6400K, reserved 1048576K
}
Event: 12270.273 GC heap after
{Heap after GC invocations=59 (full 16):
 garbage-first heap   total 61440K, used 24780K [0x0000000708a00000, 0x0000000800000000)
  region size 2048K, 2 young (4096K), 2 survivors (4096K)
 Metaspace       used 46883K, committed 47616K, reserved 1114112K
  class space    used 6078K, committed 6400K, reserved 1048576K
}
Event: 12898.745 GC heap before
{Heap before GC invocations=59 (full 16):
 garbage-first heap   total 61440K, used 35020K [0x0000000708a00000, 0x0000000800000000)
  region size 2048K, 8 young (16384K), 2 survivors (4096K)
 Metaspace       used 46897K, committed 47616K, reserved 1114112K
  class space    used 6083K, committed 6400K, reserved 1048576K
}
Event: 12898.781 GC heap after
{Heap after GC invocations=60 (full 17):
 garbage-first heap   total 61440K, used 17905K [0x0000000708a00000, 0x0000000800000000)
  region size 2048K, 0 young (0K), 0 survivors (0K)
 Metaspace       used 46787K, committed 47616K, reserved 1114112K
  class space    used 6065K, committed 6400K, reserved 1048576K
}
Event: 12899.103 GC heap before
{Heap before GC invocations=60 (full 17):
 garbage-first heap   total 61440K, used 46577K [0x0000000708a00000, 0x0000000800000000)
  region size 2048K, 14 young (28672K), 0 survivors (0K)
 Metaspace       used 46862K, committed 47616K, reserved 1114112K
  class space    used 6085K, committed 6400K, reserved 1048576K
}
Event: 12899.106 GC heap after
{Heap after GC invocations=61 (full 17):
 garbage-first heap   total 61440K, used 21380K [0x0000000708a00000, 0x0000000800000000)
  region size 2048K, 2 young (4096K), 2 survivors (4096K)
 Metaspace       used 46862K, committed 47616K, reserved 1114112K
  class space    used 6085K, committed 6400K, reserved 1048576K
}
Event: 13010.604 GC heap before
{Heap before GC invocations=61 (full 17):
 garbage-first heap   total 61440K, used 41860K [0x0000000708a00000, 0x0000000800000000)
  region size 2048K, 14 young (28672K), 2 survivors (4096K)
 Metaspace       used 46997K, committed 47616K, reserved 1114112K
  class space    used 6114K, committed 6400K, reserved 1048576K
}
Event: 13010.641 GC heap after
{Heap after GC invocations=62 (full 18):
 garbage-first heap   total 61440K, used 18868K [0x0000000708a00000, 0x0000000800000000)
  region size 2048K, 0 young (0K), 0 survivors (0K)
 Metaspace       used 46931K, committed 47616K, reserved 1114112K
  class space    used 6098K, committed 6400K, reserved 1048576K
}
Event: 13010.946 GC heap before
{Heap before GC invocations=62 (full 18):
 garbage-first heap   total 61440K, used 47540K [0x0000000708a00000, 0x0000000800000000)
  region size 2048K, 14 young (28672K), 0 survivors (0K)
 Metaspace       used 46940K, committed 47616K, reserved 1114112K
  class space    used 6100K, committed 6400K, reserved 1048576K
}
Event: 13010.948 GC heap after
{Heap after GC invocations=63 (full 18):
 garbage-first heap   total 61440K, used 21747K [0x0000000708a00000, 0x0000000800000000)
  region size 2048K, 2 young (4096K), 2 survivors (4096K)
 Metaspace       used 46940K, committed 47616K, reserved 1114112K
  class space    used 6100K, committed 6400K, reserved 1048576K
}
Event: 13720.728 GC heap before
{Heap before GC invocations=63 (full 18):
 garbage-first heap   total 61440K, used 48371K [0x0000000708a00000, 0x0000000800000000)
  region size 2048K, 15 young (30720K), 2 survivors (4096K)
 Metaspace       used 46969K, committed 47616K, reserved 1114112K
  class space    used 6103K, committed 6400K, reserved 1048576K
}
Event: 13720.730 GC heap after
{Heap after GC invocations=64 (full 18):
 garbage-first heap   total 61440K, used 22532K [0x0000000708a00000, 0x0000000800000000)
  region size 2048K, 1 young (2048K), 1 survivors (2048K)
 Metaspace       used 46969K, committed 47616K, reserved 1114112K
  class space    used 6103K, committed 6400K, reserved 1048576K
}
Event: 14104.511 GC heap before
{Heap before GC invocations=64 (full 18):
 garbage-first heap   total 61440K, used 38916K [0x0000000708a00000, 0x0000000800000000)
  region size 2048K, 10 young (20480K), 1 survivors (2048K)
 Metaspace       used 46983K, committed 47616K, reserved 1114112K
  class space    used 6105K, committed 6400K, reserved 1048576K
}
Event: 14104.551 GC heap after
{Heap after GC invocations=65 (full 19):
 garbage-first heap   total 61440K, used 18164K [0x0000000708a00000, 0x0000000800000000)
  region size 2048K, 0 young (0K), 0 survivors (0K)
 Metaspace       used 46839K, committed 47616K, reserved 1114112K
  class space    used 6072K, committed 6400K, reserved 1048576K
}
Event: 14105.019 GC heap before
{Heap before GC invocations=65 (full 19):
 garbage-first heap   total 61440K, used 48884K [0x0000000708a00000, 0x0000000800000000)
  region size 2048K, 15 young (30720K), 0 survivors (0K)
 Metaspace       used 46921K, committed 47616K, reserved 1114112K
  class space    used 6094K, committed 6400K, reserved 1048576K
}
Event: 14105.022 GC heap after
{Heap after GC invocations=66 (full 19):
 garbage-first heap   total 61440K, used 21655K [0x0000000708a00000, 0x0000000800000000)
  region size 2048K, 2 young (4096K), 2 survivors (4096K)
 Metaspace       used 46921K, committed 47616K, reserved 1114112K
  class space    used 6094K, committed 6400K, reserved 1048576K
}
Event: 14149.897 GC heap before
{Heap before GC invocations=66 (full 19):
 garbage-first heap   total 61440K, used 46231K [0x0000000708a00000, 0x0000000800000000)
  region size 2048K, 15 young (30720K), 2 survivors (4096K)
 Metaspace       used 47262K, committed 47936K, reserved 1114112K
  class space    used 6157K, committed 6464K, reserved 1048576K
}
Event: 14149.900 GC heap after
{Heap after GC invocations=67 (full 19):
 garbage-first heap   total 61440K, used 23658K [0x0000000708a00000, 0x0000000800000000)
  region size 2048K, 2 young (4096K), 2 survivors (4096K)
 Metaspace       used 47262K, committed 47936K, reserved 1114112K
  class space    used 6157K, committed 6464K, reserved 1048576K
}
Event: 14614.079 GC heap before
{Heap before GC invocations=67 (full 19):
 garbage-first heap   total 61440K, used 48234K [0x0000000708a00000, 0x0000000800000000)
  region size 2048K, 14 young (28672K), 2 survivors (4096K)
 Metaspace       used 47319K, committed 48000K, reserved 1114112K
  class space    used 6165K, committed 6464K, reserved 1048576K
}

